# JRE version: Java(TM) SE Runtime Environment (17.0.12+8) (build 17.0.12+8-LTS-286)
# Java VM: Java HotSpot(TM) 64-Bit Server VM (17.0.12+8-LTS-286, mixed mode, sharing, tiered, compressed oops, compressed class ptrs, g1 gc, windows-amd64)
GC Precious Log:
 CPUs: 8 total, 8 available
 Memory: 6045M
 Large Page Support: Disabled
 NUMA Support: Disabled
 Compressed Oops: Enabled (Zero based)
 Heap Region Size: 4M
 Heap Min Capacity: 8M
 Heap Initial Capacity: 96M
 Heap Max Capacity: 8G
 Pre-touch: Disabled
 Parallel Workers: 8
 Concurrent Workers: 2
 Concurrent Refinement Workers: 8
 Periodic GC: Disabled
Heap:
 garbage-first heap   total 954368K, used 495616K [0x0000000600000000, 0x0000000800000000)
  region size 4096K, 3 young (12288K), 3 survivors (12288K)
 Metaspace       used 173411K, committed 175744K, reserved 1245184K
  class space    used 22978K, committed 24000K, reserved 1048576K
GC Heap History (20 events):
Event: 444.494 GC heap after
{Heap after GC invocations=77 (full 0):
 garbage-first heap   total 954368K, used 384896K [0x0000000600000000, 0x0000000800000000)
  region size 4096K, 5 young (20480K), 5 survivors (20480K)
 Metaspace       used 145781K, committed 148032K, reserved 1179648K
  class space    used 19524K, committed 20544K, reserved 1048576K
}
Event: 453.005 GC heap before
{Heap before GC invocations=77 (full 0):
 garbage-first heap   total 954368K, used 511872K [0x0000000600000000, 0x0000000800000000)
  region size 4096K, 20 young (81920K), 5 survivors (20480K)
 Metaspace       used 147352K, committed 149568K, reserved 1179648K
  class space    used 19738K, committed 20736K, reserved 1048576K
}
Event: 453.133 GC heap after
{Heap after GC invocations=78 (full 0):
 garbage-first heap   total 954368K, used 396501K [0x0000000600000000, 0x0000000800000000)
  region size 4096K, 3 young (12288K), 3 survivors (12288K)
 Metaspace       used 147352K, committed 149568K, reserved 1179648K
  class space    used 19738K, committed 20736K, reserved 1048576K
}
Event: 461.870 GC heap before
{Heap before GC invocations=78 (full 0):
 garbage-first heap   total 954368K, used 543957K [0x0000000600000000, 0x0000000800000000)
  region size 4096K, 40 young (163840K), 3 survivors (12288K)
 Metaspace       used 158030K, committed 160256K, reserved 1245184K
  class space    used 21170K, committed 22208K, reserved 1048576K
}
Event: 461.922 GC heap after
{Heap after GC invocations=79 (full 0):
 garbage-first heap   total 954368K, used 355354K [0x0000000600000000, 0x0000000800000000)
  region size 4096K, 3 young (12288K), 3 survivors (12288K)
 Metaspace       used 158030K, committed 160256K, reserved 1245184K
  class space    used 21170K, committed 22208K, reserved 1048576K
}
Event: 478.329 GC heap before
{Heap before GC invocations=79 (full 0):
 garbage-first heap   total 954368K, used 629786K [0x0000000600000000, 0x0000000800000000)
  region size 4096K, 66 young (270336K), 3 survivors (12288K)
 Metaspace       used 168466K, committed 170816K, reserved 1245184K
  class space    used 22477K, committed 23552K, reserved 1048576K
}
Event: 478.561 GC heap after
{Heap after GC invocations=80 (full 0):
 garbage-first heap   total 954368K, used 377875K [0x0000000600000000, 0x0000000800000000)
  region size 4096K, 7 young (28672K), 7 survivors (28672K)
 Metaspace       used 168466K, committed 170816K, reserved 1245184K
  class space    used 22477K, committed 23552K, reserved 1048576K
}
Event: 489.526 GC heap before
{Heap before GC invocations=80 (full 0):
 garbage-first heap   total 954368K, used 463891K [0x0000000600000000, 0x0000000800000000)
  region size 4096K, 28 young (114688K), 7 survivors (28672K)
 Metaspace       used 168976K, committed 171264K, reserved 1245184K
  class space    used 22484K, committed 23552K, reserved 1048576K
}
Event: 489.630 GC heap after
{Heap after GC invocations=81 (full 0):
 garbage-first heap   total 954368K, used 388048K [0x0000000600000000, 0x0000000800000000)
  region size 4096K, 3 young (12288K), 3 survivors (12288K)
 Metaspace       used 168976K, committed 171264K, reserved 1245184K
  class space    used 22484K, committed 23552K, reserved 1048576K
}
Event: 497.196 GC heap before
{Heap before GC invocations=81 (full 0):
 garbage-first heap   total 954368K, used 486352K [0x0000000600000000, 0x0000000800000000)
  region size 4096K, 27 young (110592K), 3 survivors (12288K)
 Metaspace       used 169287K, committed 171648K, reserved 1245184K
  class space    used 22491K, committed 23552K, reserved 1048576K
}
Event: 497.239 GC heap after
{Heap after GC invocations=82 (full 0):
 garbage-first heap   total 954368K, used 394326K [0x0000000600000000, 0x0000000800000000)
  region size 4096K, 2 young (8192K), 2 survivors (8192K)
 Metaspace       used 169287K, committed 171648K, reserved 1245184K
  class space    used 22491K, committed 23552K, reserved 1048576K
}
Event: 508.565 GC heap before
{Heap before GC invocations=82 (full 0):
 garbage-first heap   total 954368K, used 607318K [0x0000000600000000, 0x0000000800000000)
  region size 4096K, 55 young (225280K), 2 survivors (8192K)
 Metaspace       used 171252K, committed 173568K, reserved 1245184K
  class space    used 22705K, committed 23744K, reserved 1048576K
}
Event: 508.770 GC heap after
{Heap after GC invocations=83 (full 0):
 garbage-first heap   total 954368K, used 420118K [0x0000000600000000, 0x0000000800000000)
  region size 4096K, 7 young (28672K), 7 survivors (28672K)
 Metaspace       used 171252K, committed 173568K, reserved 1245184K
  class space    used 22705K, committed 23744K, reserved 1048576K
}
Event: 509.180 GC heap before
{Heap before GC invocations=83 (full 0):
 garbage-first heap   total 954368K, used 436502K [0x0000000600000000, 0x0000000800000000)
  region size 4096K, 11 young (45056K), 7 survivors (28672K)
 Metaspace       used 171940K, committed 174208K, reserved 1245184K
  class space    used 22785K, committed 23808K, reserved 1048576K
}
Event: 509.287 GC heap after
{Heap after GC invocations=84 (full 0):
 garbage-first heap   total 954368K, used 427068K [0x0000000600000000, 0x0000000800000000)
  region size 4096K, 2 young (8192K), 2 survivors (8192K)
 Metaspace       used 171940K, committed 174208K, reserved 1245184K
  class space    used 22785K, committed 23808K, reserved 1048576K
}
Event: 513.497 GC heap before
{Heap before GC invocations=84 (full 0):
 garbage-first heap   total 954368K, used 644156K [0x0000000600000000, 0x0000000800000000)
  region size 4096K, 55 young (225280K), 2 survivors (8192K)
 Metaspace       used 173244K, committed 175552K, reserved 1245184K
  class space    used 22965K, committed 24000K, reserved 1048576K
}
Event: 513.655 GC heap after
{Heap after GC invocations=85 (full 0):
 garbage-first heap   total 954368K, used 473480K [0x0000000600000000, 0x0000000800000000)
  region size 4096K, 7 young (28672K), 7 survivors (28672K)
 Metaspace       used 173244K, committed 175552K, reserved 1245184K
  class space    used 22965K, committed 24000K, reserved 1048576K
}
Event: 514.483 GC heap before
{Heap before GC invocations=85 (full 0):
 garbage-first heap   total 954368K, used 489864K [0x0000000600000000, 0x0000000800000000)
  region size 4096K, 11 young (45056K), 7 survivors (28672K)
 Metaspace       used 173246K, committed 175552K, reserved 1245184K
  class space    used 22965K, committed 24000K, reserved 1048576K
}
Event: 514.624 GC heap after
{Heap after GC invocations=86 (full 0):
 garbage-first heap   total 954368K, used 480361K [0x0000000600000000, 0x0000000800000000)
  region size 4096K, 2 young (8192K), 2 survivors (8192K)
 Metaspace       used 173246K, committed 175552K, reserved 1245184K
  class space    used 22965K, committed 24000K, reserved 1048576K
}
Event: 515.669 GC heap before
{Heap before GC invocations=86 (full 0):
 garbage-first heap   total 954368K, used 541801K [0x0000000600000000, 0x0000000800000000)
  region size 4096K, 18 young (73728K), 2 survivors (8192K)
 Metaspace       used 173411K, committed 175744K, reserved 1245184K
  class space    used 22978K, committed 24000K, reserved 1048576K
}

